#! /c/Source/iverilog-install/bin/vvp
:ivl_version "12.0 (devel)" "(s20150603-1539-g2693dd32b)";
:ivl_delay_selection "TYPICAL";
:vpi_time_precision + 0;
:vpi_module "C:\iverilog\lib\ivl\system.vpi";
:vpi_module "C:\iverilog\lib\ivl\vhdl_sys.vpi";
:vpi_module "C:\iverilog\lib\ivl\vhdl_textio.vpi";
:vpi_module "C:\iverilog\lib\ivl\v2005_math.vpi";
:vpi_module "C:\iverilog\lib\ivl\va_math.vpi";
:vpi_module "C:\iverilog\lib\ivl\v2009.vpi";
S_0000021c13c02050 .scope package, "$unit" "$unit" 2 1;
 .timescale 0 0;
S_0000021c13c02370 .scope module, "tb_instr_decoder" "tb_instr_decoder" 3 28;
 .timescale 0 0;
v0000021c13c78930_0 .net "alu_funct", 2 0, v0000021c13bbbd70_0;  1 drivers
v0000021c13c78570_0 .net "br_funct", 2 0, v0000021c13c0f2c0_0;  1 drivers
v0000021c13c786b0_0 .var "clk", 0 0;
v0000021c13c787f0_0 .net "compute_grid", 0 0, v0000021c13c0f360_0;  1 drivers
v0000021c13c78610_0 .net "compute_ifmap", 0 0, v0000021c13bb6080_0;  1 drivers
v0000021c13c78a70_0 .net "decode_layer", 0 0, v0000021c13bb6120_0;  1 drivers
v0000021c13c78cf0_0 .net "decode_layer_info", 0 0, v0000021c13bb61c0_0;  1 drivers
v0000021c13c78110_0 .net "immediate", 11 0, v0000021c13bb6260_0;  1 drivers
v0000021c13c78d90_0 .var "instr", 31 0;
v0000021c13c781b0_0 .net "jump_sel", 0 0, L_0000021c13c7a480;  1 drivers
v0000021c13c79ee0_0 .net "load_bias", 0 0, v0000021c13c78250_0;  1 drivers
v0000021c13c79080_0 .net "load_weights", 0 0, v0000021c13c78b10_0;  1 drivers
v0000021c13c79120_0 .net "pc_sel", 0 0, L_0000021c13c7ad40;  1 drivers
v0000021c13c7a8e0_0 .net "rd_addr", 7 0, v0000021c13c78070_0;  1 drivers
v0000021c13c79760_0 .net "send_layer_info", 0 0, v0000021c13c78390_0;  1 drivers
v0000021c13c796c0_0 .net "send_optimal_move", 0 0, v0000021c13c789d0_0;  1 drivers
v0000021c13c799e0_0 .net "send_systolic_data", 0 0, v0000021c13c78e30_0;  1 drivers
v0000021c13c7a840_0 .net "set_ifmap_o", 0 0, v0000021c13c78ed0_0;  1 drivers
v0000021c13c79260_0 .net "src1_addr", 7 0, v0000021c13c78bb0_0;  1 drivers
v0000021c13c79da0_0 .net "src2_addr", 7 0, v0000021c13c78750_0;  1 drivers
v0000021c13c7a660_0 .net "src2_sel", 0 0, L_0000021c13c7a980;  1 drivers
v0000021c13c79620_0 .net "wrd_en", 0 0, v0000021c13c78890_0;  1 drivers
v0000021c13c7ab60_0 .net "wrd_sel", 0 0, L_0000021c13c793a0;  1 drivers
S_0000021c13c0efc0 .scope module, "u_instruction_decoder" "instruction_decoder" 3 60, 4 15 0, S_0000021c13c02370;
 .timescale 0 0;
    .port_info 0 /INPUT 32 "instr";
    .port_info 1 /OUTPUT 8 "src1_addr";
    .port_info 2 /OUTPUT 8 "src2_addr";
    .port_info 3 /OUTPUT 12 "immediate";
    .port_info 4 /OUTPUT 8 "rd_addr";
    .port_info 5 /OUTPUT 3 "alu_funct";
    .port_info 6 /OUTPUT 3 "br_funct";
    .port_info 7 /OUTPUT 1 "pc_sel";
    .port_info 8 /OUTPUT 1 "jump_sel";
    .port_info 9 /OUTPUT 1 "src2_sel";
    .port_info 10 /OUTPUT 1 "wrd_sel";
    .port_info 11 /OUTPUT 1 "wrd_en";
    .port_info 12 /OUTPUT 1 "decode_layer";
    .port_info 13 /OUTPUT 1 "compute_grid";
    .port_info 14 /OUTPUT 1 "decode_layer_info";
    .port_info 15 /OUTPUT 1 "compute_ifmap";
    .port_info 16 /OUTPUT 1 "send_layer_info";
    .port_info 17 /OUTPUT 1 "load_weights";
    .port_info 18 /OUTPUT 1 "load_bias";
    .port_info 19 /OUTPUT 1 "send_systolic_data";
    .port_info 20 /OUTPUT 1 "set_ifmap_o";
    .port_info 21 /OUTPUT 1 "send_optimal_move";
P_0000021c13bf7140 .param/l "ARITHMETIC" 1 4 44, +C4<00000000000000000000000000000000>;
P_0000021c13bf7178 .param/l "BRANCH" 1 4 45, +C4<00000000000000000000000000000001>;
P_0000021c13bf71b0 .param/l "JUMP" 1 4 46, +C4<00000000000000000000000000000010>;
P_0000021c13bf71e8 .param/l "LOAD" 1 4 47, +C4<00000000000000000000000000000011>;
P_0000021c13bf7220 .param/l "SPECIAL" 1 4 48, +C4<00000000000000000000000000000100>;
v0000021c13bb6f60_0 .net *"_ivl_6", 3 0, L_0000021c13c791c0;  1 drivers
v0000021c13bbbd70_0 .var "alu_funct", 2 0;
v0000021c13c0f2c0_0 .var "br_funct", 2 0;
v0000021c13c0f360_0 .var "compute_grid", 0 0;
v0000021c13bb6080_0 .var "compute_ifmap", 0 0;
v0000021c13bb6120_0 .var "decode_layer", 0 0;
v0000021c13bb61c0_0 .var "decode_layer_info", 0 0;
v0000021c13bb6260_0 .var "immediate", 11 0;
v0000021c13bb6300_0 .net "instr", 31 0, v0000021c13c78d90_0;  1 drivers
v0000021c13c784d0_0 .var "instr_type", 2 0;
v0000021c13c782f0_0 .net "jump_sel", 0 0, L_0000021c13c7a480;  alias, 1 drivers
v0000021c13c78250_0 .var "load_bias", 0 0;
v0000021c13c78b10_0 .var "load_weights", 0 0;
v0000021c13c78430_0 .net "pc_sel", 0 0, L_0000021c13c7ad40;  alias, 1 drivers
v0000021c13c78070_0 .var "rd_addr", 7 0;
v0000021c13c78390_0 .var "send_layer_info", 0 0;
v0000021c13c789d0_0 .var "send_optimal_move", 0 0;
v0000021c13c78e30_0 .var "send_systolic_data", 0 0;
v0000021c13c78ed0_0 .var "set_ifmap_o", 0 0;
v0000021c13c78bb0_0 .var "src1_addr", 7 0;
v0000021c13c78750_0 .var "src2_addr", 7 0;
v0000021c13c78f70_0 .net "src2_sel", 0 0, L_0000021c13c7a980;  alias, 1 drivers
v0000021c13c78890_0 .var "wrd_en", 0 0;
v0000021c13c78c50_0 .net "wrd_sel", 0 0, L_0000021c13c793a0;  alias, 1 drivers
E_0000021c13bfd1e0 .event anyedge, v0000021c13c784d0_0, v0000021c13bb6300_0;
E_0000021c13bfd060/0 .event anyedge, v0000021c13c784d0_0, v0000021c13bb6300_0, v0000021c13bb6300_0, v0000021c13bb6300_0;
E_0000021c13bfd060/1 .event anyedge, v0000021c13bb6300_0, v0000021c13bb6300_0, v0000021c13bb6300_0, v0000021c13bb6300_0;
E_0000021c13bfd060/2 .event anyedge, v0000021c13bb6300_0;
E_0000021c13bfd060 .event/or E_0000021c13bfd060/0, E_0000021c13bfd060/1, E_0000021c13bfd060/2;
E_0000021c13bfcde0 .event anyedge, v0000021c13bb6300_0;
L_0000021c13c7a980 .part L_0000021c13c791c0, 3, 1;
L_0000021c13c793a0 .part L_0000021c13c791c0, 2, 1;
L_0000021c13c7ad40 .part L_0000021c13c791c0, 1, 1;
L_0000021c13c7a480 .part L_0000021c13c791c0, 0, 1;
L_0000021c13c791c0 .part v0000021c13c78d90_0, 25, 4;
    .scope S_0000021c13c0efc0;
T_0 ;
Ewait_0 .event/or E_0000021c13bfcde0, E_0x0;
    %wait Ewait_0;
    %load/vec4 v0000021c13bb6300_0;
    %parti/s 3, 25, 6;
    %dup/vec4;
    %pushi/vec4 0, 0, 3;
    %cmp/u;
    %jmp/1 T_0.0, 6;
    %dup/vec4;
    %pushi/vec4 2, 0, 3;
    %cmp/u;
    %jmp/1 T_0.1, 6;
    %dup/vec4;
    %pushi/vec4 1, 0, 3;
    %cmp/u;
    %jmp/1 T_0.2, 6;
    %dup/vec4;
    %pushi/vec4 4, 0, 3;
    %cmp/u;
    %jmp/1 T_0.3, 6;
    %dup/vec4;
    %pushi/vec4 7, 0, 3;
    %cmp/u;
    %jmp/1 T_0.4, 6;
    %pushi/vec4 0, 0, 3;
    %store/vec4 v0000021c13c784d0_0, 0, 3;
    %jmp T_0.6;
T_0.0 ;
    %pushi/vec4 0, 0, 3;
    %store/vec4 v0000021c13c784d0_0, 0, 3;
    %jmp T_0.6;
T_0.1 ;
    %pushi/vec4 1, 0, 3;
    %store/vec4 v0000021c13c784d0_0, 0, 3;
    %jmp T_0.6;
T_0.2 ;
    %pushi/vec4 2, 0, 3;
    %store/vec4 v0000021c13c784d0_0, 0, 3;
    %jmp T_0.6;
T_0.3 ;
    %pushi/vec4 3, 0, 3;
    %store/vec4 v0000021c13c784d0_0, 0, 3;
    %jmp T_0.6;
T_0.4 ;
    %pushi/vec4 4, 0, 3;
    %store/vec4 v0000021c13c784d0_0, 0, 3;
    %jmp T_0.6;
T_0.6 ;
    %pop/vec4 1;
    %jmp T_0;
    .thread T_0, $push;
    .scope S_0000021c13c0efc0;
T_1 ;
Ewait_1 .event/or E_0000021c13bfd060, E_0x0;
    %wait Ewait_1;
    %load/vec4 v0000021c13c784d0_0;
    %dup/vec4;
    %pushi/vec4 0, 0, 3;
    %cmp/u;
    %jmp/1 T_1.0, 6;
    %dup/vec4;
    %pushi/vec4 1, 0, 3;
    %cmp/u;
    %jmp/1 T_1.1, 6;
    %dup/vec4;
    %pushi/vec4 2, 0, 3;
    %cmp/u;
    %jmp/1 T_1.2, 6;
    %dup/vec4;
    %pushi/vec4 3, 0, 3;
    %cmp/u;
    %jmp/1 T_1.3, 6;
    %pushi/vec4 7, 0, 3;
    %store/vec4 v0000021c13bbbd70_0, 0, 3;
    %pushi/vec4 7, 0, 3;
    %store/vec4 v0000021c13c0f2c0_0, 0, 3;
    %pushi/vec4 0, 0, 8;
    %store/vec4 v0000021c13c78bb0_0, 0, 8;
    %pushi/vec4 0, 0, 8;
    %store/vec4 v0000021c13c78750_0, 0, 8;
    %pushi/vec4 0, 0, 12;
    %store/vec4 v0000021c13bb6260_0, 0, 12;
    %pushi/vec4 0, 0, 8;
    %store/vec4 v0000021c13c78070_0, 0, 8;
    %pushi/vec4 0, 0, 1;
    %store/vec4 v0000021c13c78890_0, 0, 1;
    %jmp T_1.5;
T_1.0 ;
    %load/vec4 v0000021c13bb6300_0;
    %parti/s 3, 29, 6;
    %store/vec4 v0000021c13bbbd70_0, 0, 3;
    %pushi/vec4 7, 0, 3;
    %store/vec4 v0000021c13c0f2c0_0, 0, 3;
    %pushi/vec4 0, 0, 2;
    %concati/vec4 0, 0, 1;
    %load/vec4 v0000021c13bb6300_0;
    %parti/s 5, 18, 6;
    %concat/vec4; draw_concat_vec4
    %store/vec4 v0000021c13c78bb0_0, 0, 8;
    %load/vec4 v0000021c13bb6300_0;
    %parti/s 1, 28, 6;
    %pad/u 32;
    %cmpi/e 0, 0, 32;
    %flag_mov 8, 4;
    %jmp/0 T_1.6, 8;
    %pushi/vec4 0, 0, 2;
    %concati/vec4 0, 0, 1;
    %load/vec4 v0000021c13bb6300_0;
    %parti/s 5, 13, 5;
    %concat/vec4; draw_concat_vec4
    %jmp/1 T_1.7, 8;
T_1.6 ; End of true expr.
    %pushi/vec4 0, 0, 8;
    %jmp/0 T_1.7, 8;
 ; End of false expr.
    %blend;
T_1.7;
    %store/vec4 v0000021c13c78750_0, 0, 8;
    %load/vec4 v0000021c13bb6300_0;
    %parti/s 1, 28, 6;
    %pad/u 32;
    %cmpi/e 1, 0, 32;
    %flag_mov 8, 4;
    %jmp/0 T_1.8, 8;
    %load/vec4 v0000021c13bb6300_0;
    %parti/s 12, 6, 4;
    %jmp/1 T_1.9, 8;
T_1.8 ; End of true expr.
    %pushi/vec4 0, 0, 12;
    %jmp/0 T_1.9, 8;
 ; End of false expr.
    %blend;
T_1.9;
    %store/vec4 v0000021c13bb6260_0, 0, 12;
    %load/vec4 v0000021c13bb6300_0;
    %parti/s 2, 23, 6;
    %load/vec4 v0000021c13bb6300_0;
    %parti/s 6, 0, 2;
    %concat/vec4; draw_concat_vec4
    %store/vec4 v0000021c13c78070_0, 0, 8;
    %pushi/vec4 1, 0, 1;
    %store/vec4 v0000021c13c78890_0, 0, 1;
    %jmp T_1.5;
T_1.1 ;
    %pushi/vec4 7, 0, 3;
    %store/vec4 v0000021c13bbbd70_0, 0, 3;
    %load/vec4 v0000021c13bb6300_0;
    %parti/s 3, 29, 6;
    %store/vec4 v0000021c13c0f2c0_0, 0, 3;
    %pushi/vec4 0, 0, 2;
    %concati/vec4 0, 0, 1;
    %load/vec4 v0000021c13bb6300_0;
    %parti/s 5, 18, 6;
    %concat/vec4; draw_concat_vec4
    %store/vec4 v0000021c13c78bb0_0, 0, 8;
    %pushi/vec4 0, 0, 2;
    %concati/vec4 0, 0, 1;
    %load/vec4 v0000021c13bb6300_0;
    %parti/s 5, 13, 5;
    %concat/vec4; draw_concat_vec4
    %store/vec4 v0000021c13c78750_0, 0, 8;
    %load/vec4 v0000021c13bb6300_0;
    %parti/s 12, 0, 2;
    %store/vec4 v0000021c13bb6260_0, 0, 12;
    %pushi/vec4 0, 0, 8;
    %store/vec4 v0000021c13c78070_0, 0, 8;
    %pushi/vec4 0, 0, 1;
    %store/vec4 v0000021c13c78890_0, 0, 1;
    %jmp T_1.5;
T_1.2 ;
    %pushi/vec4 7, 0, 3;
    %store/vec4 v0000021c13bbbd70_0, 0, 3;
    %pushi/vec4 7, 0, 3;
    %store/vec4 v0000021c13c0f2c0_0, 0, 3;
    %pushi/vec4 0, 0, 8;
    %store/vec4 v0000021c13c78bb0_0, 0, 8;
    %pushi/vec4 0, 0, 8;
    %store/vec4 v0000021c13c78750_0, 0, 8;
    %load/vec4 v0000021c13bb6300_0;
    %parti/s 12, 0, 2;
    %store/vec4 v0000021c13bb6260_0, 0, 12;
    %pushi/vec4 0, 0, 8;
    %store/vec4 v0000021c13c78070_0, 0, 8;
    %pushi/vec4 0, 0, 1;
    %store/vec4 v0000021c13c78890_0, 0, 1;
    %jmp T_1.5;
T_1.3 ;
    %load/vec4 v0000021c13bb6300_0;
    %parti/s 3, 29, 6;
    %store/vec4 v0000021c13bbbd70_0, 0, 3;
    %pushi/vec4 7, 0, 3;
    %store/vec4 v0000021c13c0f2c0_0, 0, 3;
    %pushi/vec4 0, 0, 2;
    %concati/vec4 0, 0, 1;
    %load/vec4 v0000021c13bb6300_0;
    %parti/s 5, 18, 6;
    %concat/vec4; draw_concat_vec4
    %store/vec4 v0000021c13c78bb0_0, 0, 8;
    %pushi/vec4 0, 0, 8;
    %store/vec4 v0000021c13c78750_0, 0, 8;
    %load/vec4 v0000021c13bb6300_0;
    %parti/s 1, 28, 6;
    %pad/u 32;
    %cmpi/e 1, 0, 32;
    %flag_mov 8, 4;
    %jmp/0 T_1.10, 8;
    %load/vec4 v0000021c13bb6300_0;
    %parti/s 12, 6, 4;
    %jmp/1 T_1.11, 8;
T_1.10 ; End of true expr.
    %pushi/vec4 0, 0, 12;
    %jmp/0 T_1.11, 8;
 ; End of false expr.
    %blend;
T_1.11;
    %store/vec4 v0000021c13bb6260_0, 0, 12;
    %load/vec4 v0000021c13bb6300_0;
    %parti/s 2, 23, 6;
    %load/vec4 v0000021c13bb6300_0;
    %parti/s 6, 0, 2;
    %concat/vec4; draw_concat_vec4
    %store/vec4 v0000021c13c78070_0, 0, 8;
    %pushi/vec4 1, 0, 1;
    %store/vec4 v0000021c13c78890_0, 0, 1;
    %jmp T_1.5;
T_1.5 ;
    %pop/vec4 1;
    %jmp T_1;
    .thread T_1, $push;
    .scope S_0000021c13c0efc0;
T_2 ;
Ewait_2 .event/or E_0000021c13bfd1e0, E_0x0;
    %wait Ewait_2;
    %load/vec4 v0000021c13c784d0_0;
    %pad/u 32;
    %cmpi/e 4, 0, 32;
    %jmp/0xz  T_2.0, 4;
    %load/vec4 v0000021c13bb6300_0;
    %parti/s 4, 6, 4;
    %cmpi/e 0, 0, 4;
    %flag_mov 8, 4;
    %jmp/0 T_2.2, 8;
    %pushi/vec4 1, 0, 2;
    %jmp/1 T_2.3, 8;
T_2.2 ; End of true expr.
    %pushi/vec4 0, 0, 2;
    %jmp/0 T_2.3, 8;
 ; End of false expr.
    %blend;
T_2.3;
    %pad/s 1;
    %store/vec4 v0000021c13bb6120_0, 0, 1;
    %load/vec4 v0000021c13bb6300_0;
    %parti/s 4, 6, 4;
    %cmpi/e 1, 0, 4;
    %flag_mov 8, 4;
    %jmp/0 T_2.4, 8;
    %pushi/vec4 1, 0, 2;
    %jmp/1 T_2.5, 8;
T_2.4 ; End of true expr.
    %pushi/vec4 0, 0, 2;
    %jmp/0 T_2.5, 8;
 ; End of false expr.
    %blend;
T_2.5;
    %pad/s 1;
    %store/vec4 v0000021c13c0f360_0, 0, 1;
    %load/vec4 v0000021c13bb6300_0;
    %parti/s 4, 6, 4;
    %cmpi/e 2, 0, 4;
    %flag_mov 8, 4;
    %jmp/0 T_2.6, 8;
    %pushi/vec4 1, 0, 2;
    %jmp/1 T_2.7, 8;
T_2.6 ; End of true expr.
    %pushi/vec4 0, 0, 2;
    %jmp/0 T_2.7, 8;
 ; End of false expr.
    %blend;
T_2.7;
    %pad/s 1;
    %store/vec4 v0000021c13bb61c0_0, 0, 1;
    %load/vec4 v0000021c13bb6300_0;
    %parti/s 4, 6, 4;
    %cmpi/e 3, 0, 4;
    %flag_mov 8, 4;
    %jmp/0 T_2.8, 8;
    %pushi/vec4 1, 0, 2;
    %jmp/1 T_2.9, 8;
T_2.8 ; End of true expr.
    %pushi/vec4 0, 0, 2;
    %jmp/0 T_2.9, 8;
 ; End of false expr.
    %blend;
T_2.9;
    %pad/s 1;
    %store/vec4 v0000021c13bb6080_0, 0, 1;
    %load/vec4 v0000021c13bb6300_0;
    %parti/s 4, 6, 4;
    %cmpi/e 5, 0, 4;
    %flag_mov 8, 4;
    %jmp/0 T_2.10, 8;
    %pushi/vec4 1, 0, 2;
    %jmp/1 T_2.11, 8;
T_2.10 ; End of true expr.
    %pushi/vec4 0, 0, 2;
    %jmp/0 T_2.11, 8;
 ; End of false expr.
    %blend;
T_2.11;
    %pad/s 1;
    %store/vec4 v0000021c13c78390_0, 0, 1;
    %load/vec4 v0000021c13bb6300_0;
    %parti/s 4, 6, 4;
    %cmpi/e 5, 0, 4;
    %flag_mov 8, 4;
    %jmp/0 T_2.12, 8;
    %pushi/vec4 1, 0, 2;
    %jmp/1 T_2.13, 8;
T_2.12 ; End of true expr.
    %pushi/vec4 0, 0, 2;
    %jmp/0 T_2.13, 8;
 ; End of false expr.
    %blend;
T_2.13;
    %pad/s 1;
    %store/vec4 v0000021c13c78b10_0, 0, 1;
    %load/vec4 v0000021c13bb6300_0;
    %parti/s 4, 6, 4;
    %cmpi/e 6, 0, 4;
    %flag_mov 8, 4;
    %jmp/0 T_2.14, 8;
    %pushi/vec4 1, 0, 2;
    %jmp/1 T_2.15, 8;
T_2.14 ; End of true expr.
    %pushi/vec4 0, 0, 2;
    %jmp/0 T_2.15, 8;
 ; End of false expr.
    %blend;
T_2.15;
    %pad/s 1;
    %store/vec4 v0000021c13c78250_0, 0, 1;
    %load/vec4 v0000021c13bb6300_0;
    %parti/s 4, 6, 4;
    %cmpi/e 7, 0, 4;
    %flag_mov 8, 4;
    %jmp/0 T_2.16, 8;
    %pushi/vec4 1, 0, 2;
    %jmp/1 T_2.17, 8;
T_2.16 ; End of true expr.
    %pushi/vec4 0, 0, 2;
    %jmp/0 T_2.17, 8;
 ; End of false expr.
    %blend;
T_2.17;
    %pad/s 1;
    %store/vec4 v0000021c13c78e30_0, 0, 1;
    %load/vec4 v0000021c13bb6300_0;
    %parti/s 4, 6, 4;
    %cmpi/e 8, 0, 4;
    %flag_mov 8, 4;
    %jmp/0 T_2.18, 8;
    %pushi/vec4 1, 0, 2;
    %jmp/1 T_2.19, 8;
T_2.18 ; End of true expr.
    %pushi/vec4 0, 0, 2;
    %jmp/0 T_2.19, 8;
 ; End of false expr.
    %blend;
T_2.19;
    %pad/s 1;
    %store/vec4 v0000021c13c78ed0_0, 0, 1;
    %load/vec4 v0000021c13bb6300_0;
    %parti/s 4, 6, 4;
    %cmpi/e 9, 0, 4;
    %flag_mov 8, 4;
    %jmp/0 T_2.20, 8;
    %pushi/vec4 1, 0, 2;
    %jmp/1 T_2.21, 8;
T_2.20 ; End of true expr.
    %pushi/vec4 0, 0, 2;
    %jmp/0 T_2.21, 8;
 ; End of false expr.
    %blend;
T_2.21;
    %pad/s 1;
    %store/vec4 v0000021c13c789d0_0, 0, 1;
    %jmp T_2.1;
T_2.0 ;
    %pushi/vec4 0, 0, 1;
    %store/vec4 v0000021c13bb6120_0, 0, 1;
    %pushi/vec4 0, 0, 1;
    %store/vec4 v0000021c13c0f360_0, 0, 1;
    %pushi/vec4 0, 0, 1;
    %store/vec4 v0000021c13bb61c0_0, 0, 1;
    %pushi/vec4 0, 0, 1;
    %store/vec4 v0000021c13bb6080_0, 0, 1;
    %pushi/vec4 0, 0, 1;
    %store/vec4 v0000021c13c78390_0, 0, 1;
    %pushi/vec4 0, 0, 1;
    %store/vec4 v0000021c13c78b10_0, 0, 1;
    %pushi/vec4 0, 0, 1;
    %store/vec4 v0000021c13c78250_0, 0, 1;
    %pushi/vec4 0, 0, 1;
    %store/vec4 v0000021c13c78e30_0, 0, 1;
    %pushi/vec4 0, 0, 1;
    %store/vec4 v0000021c13c78ed0_0, 0, 1;
    %pushi/vec4 0, 0, 1;
    %store/vec4 v0000021c13c789d0_0, 0, 1;
T_2.1 ;
    %jmp T_2;
    .thread T_2, $push;
    .scope S_0000021c13c02370;
T_3 ;
    %pushi/vec4 1, 0, 1;
    %store/vec4 v0000021c13c786b0_0, 0, 1;
T_3.0 ;
    %delay 5, 0;
    %load/vec4 v0000021c13c786b0_0;
    %inv;
    %store/vec4 v0000021c13c786b0_0, 0, 1;
    %jmp T_3.0;
    %end;
    .thread T_3;
    .scope S_0000021c13c02370;
T_4 ;
    %vpi_call/w 3 96 "$display", "Starting Sim" {0 0 0};
    %vpi_call/w 3 97 "$dumpfile", "sim/vcd/id.vcd" {0 0 0};
    %vpi_call/w 3 98 "$dumpvars", 32'sb00000000000000000000000000000000, S_0000021c13c02370 {0 0 0};
    %vpi_call/w 3 99 "$display", "Testing assorted values" {0 0 0};
    %pushi/vec4 0, 0, 32;
    %store/vec4 v0000021c13c78d90_0, 0, 32;
    %delay 10, 0;
    %pushi/vec4 540123157, 0, 32;
    %store/vec4 v0000021c13c78d90_0, 0, 32;
    %delay 10, 0;
    %pushi/vec4 268435528, 0, 32;
    %store/vec4 v0000021c13c78d90_0, 0, 32;
    %delay 10, 0;
    %pushi/vec4 1679876107, 0, 32;
    %store/vec4 v0000021c13c78d90_0, 0, 32;
    %delay 10, 0;
    %pushi/vec4 3816816841, 0, 32;
    %store/vec4 v0000021c13c78d90_0, 0, 32;
    %delay 10, 0;
    %pushi/vec4 402664139, 0, 32;
    %store/vec4 v0000021c13c78d90_0, 0, 32;
    %delay 10, 0;
    %pushi/vec4 4286579072, 0, 32;
    %store/vec4 v0000021c13c78d90_0, 0, 32;
    %delay 10, 0;
    %pushi/vec4 4286579136, 0, 32;
    %store/vec4 v0000021c13c78d90_0, 0, 32;
    %delay 10, 0;
    %pushi/vec4 4286579200, 0, 32;
    %store/vec4 v0000021c13c78d90_0, 0, 32;
    %delay 10, 0;
    %pushi/vec4 4286578816, 0, 32;
    %store/vec4 v0000021c13c78d90_0, 0, 32;
    %delay 200, 0;
    %vpi_call/w 3 114 "$display", "Finishing Sim" {0 0 0};
    %vpi_call/w 3 115 "$finish" {0 0 0};
    %end;
    .thread T_4;
# The file index is used to find the file name in the following table.
:file_names 5;
    "N/A";
    "<interactive>";
    "-";
    ".\sim\tb_instr_decoder.sv";
    ".\src\decoder\instruction_decoder.sv";
