#! /c/Source/iverilog-install/bin/vvp
:ivl_version "12.0 (devel)" "(s20150603-1539-g2693dd32b)";
:ivl_delay_selection "TYPICAL";
:vpi_time_precision - 12;
:vpi_module "C:\iverilog\lib\ivl\system.vpi";
:vpi_module "C:\iverilog\lib\ivl\vhdl_sys.vpi";
:vpi_module "C:\iverilog\lib\ivl\vhdl_textio.vpi";
:vpi_module "C:\iverilog\lib\ivl\v2005_math.vpi";
:vpi_module "C:\iverilog\lib\ivl\va_math.vpi";
:vpi_module "C:\iverilog\lib\ivl\v2009.vpi";
S_0000028507e05f90 .scope package, "$unit" "$unit" 2 1;
 .timescale 0 0;
S_0000028507e062b0 .scope module, "tb_ws_conv" "tb_ws_conv" 3 4;
 .timescale -9 -12;
P_0000028507dcda50 .param/l "DATA_WIDTH" 0 3 8, +C4<00000000000000000000000000001000>;
P_0000028507dcda88 .param/l "LATENCY" 0 3 11, +C4<00000000000000000000000000000001101>;
P_0000028507dcdac0 .param/l "PSUM_WIDTH" 0 3 9, +C4<00000000000000000000000000010011>;
P_0000028507dcdaf8 .param/l "SA_COL" 0 3 7, +C4<00000000000000000000000000000011>;
P_0000028507dcdb30 .param/l "SA_ROW" 0 3 6, +C4<00000000000000000000000000000011>;
P_0000028507dcdb68 .param/l "VECTOR_LENGTH" 0 3 10, +C4<00000000000000000000000000001000>;
L_0000028507df3b30 .functor BUFZ 57, L_0000028508208910, C4<000000000000000000000000000000000000000000000000000000000>, C4<000000000000000000000000000000000000000000000000000000000>, C4<000000000000000000000000000000000000000000000000000000000>;
v0000028507e6cba0_0 .net *"_ivl_5", 56 0, L_0000028507df3b30;  1 drivers
v0000028507e6d140_0 .var "clk", 0 0;
v0000028507e6d500_0 .var "nrst", 0 0;
v0000028507e6b700_0 .net "psum_o", 56 0, L_0000028508208910;  1 drivers
v0000028507e6d0a0_0 .net "psum_o0", 18 0, L_0000028507e6c7e0;  1 drivers
v0000028507e6d280_0 .net "psum_o1", 18 0, L_0000028507e6c2e0;  1 drivers
v0000028507e6b840_0 .net "psum_o2", 18 0, L_0000028507e6c380;  1 drivers
v0000028507e6ce20_0 .var "row_A_i", 23 0;
v0000028507e6b980_0 .var "sa_iv", 0 0;
v0000028507e6c240_0 .net "sa_ov", 0 0, L_000002850820dc30;  1 drivers
L_0000028507e6c380 .part L_0000028507df3b30, 38, 19;
L_0000028507e6c2e0 .part L_0000028507df3b30, 19, 19;
L_0000028507e6c7e0 .part L_0000028507df3b30, 0, 19;
S_0000028507dcdbb0 .scope begin, "$ivl_for_loop0" "$ivl_for_loop0" 3 56, 3 56 0, S_0000028507e062b0;
 .timescale -9 -12;
v0000028507dfa220_0 .var/2s "i", 31 0;
S_0000028507dcdd40 .scope module, "u_SA_WS_conv" "SA_WS_conv" 3 31, 4 6 0, S_0000028507e062b0;
 .timescale -9 -12;
    .port_info 0 /INPUT 1 "clk";
    .port_info 1 /INPUT 1 "nrst";
    .port_info 2 /INPUT 1 "sa_iv";
    .port_info 3 /INPUT 24 "row_A_i";
    .port_info 4 /OUTPUT 1 "sa_ov";
    .port_info 5 /OUTPUT 57 "psum_o";
P_0000028507dc4740 .param/l "DATA_WIDTH" 0 4 9, +C4<00000000000000000000000000001000>;
P_0000028507dc4778 .param/l "LATENCY" 1 4 23, +C4<00000000000000000000000000000001101>;
P_0000028507dc47b0 .param/l "LATE_WIDTH" 1 4 24, +C4<00000000000000000000000000000100>;
P_0000028507dc47e8 .param/l "PSUM_WIDTH" 0 4 10, +C4<00000000000000000000000000010011>;
P_0000028507dc4820 .param/l "SA_COL" 0 4 8, +C4<00000000000000000000000000000011>;
P_0000028507dc4858 .param/l "SA_ROW" 0 4 7, +C4<00000000000000000000000000000011>;
P_0000028507dc4890 .param/l "VECTOR_LENGTH" 0 4 11, +C4<00000000000000000000000000001000>;
L_0000028507e6dfa0 .functor AND 1, L_000002850820dcd0, L_000002850820db90, C4<1>, C4<1>;
L_00000285081b0478 .functor BUFT 1, C4<0000000000000000000000000000>, C4<0>, C4<0>, C4<0>;
v0000028507e6c100_0 .net *"_ivl_101", 27 0, L_00000285081b0478;  1 drivers
L_00000285081b04c0 .functor BUFT 1, C4<00000000000000000000000000001010>, C4<0>, C4<0>, C4<0>;
v0000028507e6cb00_0 .net/2u *"_ivl_102", 31 0, L_00000285081b04c0;  1 drivers
v0000028507e6bfc0_0 .net *"_ivl_104", 0 0, L_000002850820db90;  1 drivers
v0000028507e6d3c0_0 .net *"_ivl_107", 0 0, L_0000028507e6dfa0;  1 drivers
L_00000285081b0508 .functor BUFT 1, C4<1>, C4<0>, C4<0>, C4<0>;
v0000028507e6d460_0 .net/2u *"_ivl_108", 0 0, L_00000285081b0508;  1 drivers
L_00000285081b0550 .functor BUFT 1, C4<0>, C4<0>, C4<0>, C4<0>;
v0000028507e6b660_0 .net/2u *"_ivl_110", 0 0, L_00000285081b0550;  1 drivers
v0000028507e6cf60_0 .net *"_ivl_30", 18 0, L_00000285082091d0;  1 drivers
v0000028507e6cd80_0 .net *"_ivl_37", 18 0, L_0000028508208870;  1 drivers
v0000028507e6bac0_0 .net *"_ivl_44", 18 0, L_0000028508209d10;  1 drivers
v0000028507e6c560_0 .net *"_ivl_51", 18 0, L_0000028508209f90;  1 drivers
v0000028507e6bb60_0 .net *"_ivl_58", 18 0, L_0000028508208190;  1 drivers
v0000028507e6bca0_0 .net *"_ivl_65", 18 0, L_0000028508209590;  1 drivers
v0000028507e6c6a0_0 .net *"_ivl_72", 18 0, L_0000028508208c30;  1 drivers
v0000028507e6c920_0 .net *"_ivl_79", 18 0, L_0000028508209810;  1 drivers
v0000028507e6bc00_0 .net *"_ivl_87", 18 0, L_000002850820e450;  1 drivers
v0000028507e6b7a0_0 .net *"_ivl_90", 31 0, L_000002850820ce70;  1 drivers
L_00000285081b03e8 .functor BUFT 1, C4<0000000000000000000000000000>, C4<0>, C4<0>, C4<0>;
v0000028507e6c420_0 .net *"_ivl_93", 27 0, L_00000285081b03e8;  1 drivers
L_00000285081b0430 .functor BUFT 1, C4<00000000000000000000000000000101>, C4<0>, C4<0>, C4<0>;
v0000028507e6c880_0 .net/2u *"_ivl_94", 31 0, L_00000285081b0430;  1 drivers
v0000028507e6bf20_0 .net *"_ivl_96", 0 0, L_000002850820dcd0;  1 drivers
v0000028507e6ba20_0 .net *"_ivl_98", 31 0, L_000002850820d5f0;  1 drivers
v0000028507e6bd40_0 .net "clk", 0 0, v0000028507e6d140_0;  1 drivers
v0000028507e6c600_0 .net "ifmap_w", 95 0, L_0000028508209b30;  1 drivers
v0000028507e6c9c0_0 .net "nrst", 0 0, v0000028507e6d500_0;  1 drivers
v0000028507e6b8e0_0 .net "psum_o", 56 0, L_0000028508208910;  alias, 1 drivers
v0000028507e6d000_0 .net "psum_w", 227 0, L_0000028508209090;  1 drivers
v0000028507e6d1e0_0 .net "row_A_i", 23 0, v0000028507e6ce20_0;  1 drivers
v0000028507e6c740_0 .var "sa_cnt", 3 0;
v0000028507e6c060_0 .net "sa_iv", 0 0, v0000028507e6b980_0;  1 drivers
v0000028507e6c1a0_0 .net "sa_ov", 0 0, L_000002850820dc30;  alias, 1 drivers
L_00000285081b0598 .functor BUFT 1, C4<001000000010000000100000001000000010000000100000001000000010000000100000>, C4<0>, C4<0>, C4<0>;
v0000028507e6bde0_0 .net "weight_w", 71 0, L_00000285081b0598;  1 drivers
L_0000028507e6ca60 .part v0000028507e6ce20_0, 0, 8;
L_0000028507e6cc40 .part v0000028507e6ce20_0, 8, 8;
L_0000028507e6d320 .part v0000028507e6ce20_0, 16, 8;
L_0000028508208af0 .part L_0000028508209090, 171, 19;
L_00000285082085f0 .part L_0000028508209090, 190, 19;
L_0000028508208910 .concat8 [ 19 19 19 0], L_0000028508208af0, L_00000285082085f0, L_0000028508209130;
L_0000028508209130 .part L_0000028508209090, 209, 19;
L_00000285082087d0 .part L_0000028508209b30, 0, 8;
L_0000028508208730 .part L_0000028508209090, 0, 19;
L_00000285082089b0 .part L_00000285081b0598, 0, 8;
L_0000028508209e50 .part L_0000028508209b30, 8, 8;
L_00000285082080f0 .part L_0000028508209090, 19, 19;
L_0000028508209270 .part L_00000285081b0598, 8, 8;
L_0000028508208a50 .part L_0000028508209b30, 16, 8;
L_00000285082084b0 .part L_0000028508209090, 38, 19;
L_0000028508209bd0 .part L_00000285081b0598, 16, 8;
L_0000028508208550 .part L_0000028508209b30, 32, 8;
L_0000028508208eb0 .part L_0000028508209090, 57, 19;
L_0000028508209db0 .part L_00000285081b0598, 24, 8;
L_0000028508209630 .part L_0000028508209b30, 40, 8;
L_0000028508209310 .part L_0000028508209090, 76, 19;
L_0000028508209ef0 .part L_00000285081b0598, 32, 8;
L_0000028508208b90 .part L_0000028508209b30, 48, 8;
L_0000028508208230 .part L_0000028508209090, 95, 19;
L_0000028508208690 .part L_00000285081b0598, 40, 8;
L_00000285082082d0 .part L_0000028508209b30, 64, 8;
L_0000028508208ff0 .part L_0000028508209090, 114, 19;
L_0000028508208370 .part L_00000285081b0598, 48, 8;
L_00000285082099f0 .part L_0000028508209b30, 72, 8;
L_0000028508208cd0 .part L_0000028508209090, 133, 19;
L_00000285082098b0 .part L_00000285081b0598, 56, 8;
L_0000028508209950 .part L_0000028508209b30, 80, 8;
L_0000028508209a90 .part L_0000028508209090, 152, 19;
L_0000028508208410 .part L_00000285081b0598, 64, 8;
LS_0000028508209b30_0_0 .concat8 [ 8 8 8 8], L_0000028507e6ca60, v0000028507dfa040_0, v0000028507dfb800_0, v0000028507de90b0_0;
LS_0000028508209b30_0_4 .concat8 [ 8 8 8 8], L_0000028507e6cc40, v0000028507de91f0_0, v0000028507de8c50_0, v0000028507de2750_0;
LS_0000028508209b30_0_8 .concat8 [ 8 8 8 8], L_0000028507e6d320, v0000028507e65ef0_0, v0000028507e65130_0, v0000028507e65630_0;
L_0000028508209b30 .concat8 [ 32 32 32 0], LS_0000028508209b30_0_0, LS_0000028508209b30_0_4, LS_0000028508209b30_0_8;
L_00000285081b0088 .functor BUFT 1, C4<0000000000000000000>, C4<0>, C4<0>, C4<0>;
L_00000285081b00d0 .functor BUFT 1, C4<0000000000000000000>, C4<0>, C4<0>, C4<0>;
L_00000285081b0118 .functor BUFT 1, C4<0000000000000000000>, C4<0>, C4<0>, C4<0>;
LS_0000028508209090_0_0 .concat8 [ 19 19 19 19], L_00000285081b0088, L_00000285081b00d0, L_00000285081b0118, L_00000285082091d0;
LS_0000028508209090_0_4 .concat8 [ 19 19 19 19], L_0000028508208870, L_0000028508209d10, L_0000028508209f90, L_0000028508208190;
LS_0000028508209090_0_8 .concat8 [ 19 19 19 19], L_0000028508209590, L_0000028508208c30, L_0000028508209810, L_000002850820e450;
L_0000028508209090 .concat8 [ 76 76 76 0], LS_0000028508209090_0_0, LS_0000028508209090_0_4, LS_0000028508209090_0_8;
L_000002850820ce70 .concat [ 4 28 0 0], v0000028507e6c740_0, L_00000285081b03e8;
L_000002850820dcd0 .cmp/ge 32, L_000002850820ce70, L_00000285081b0430;
L_000002850820d5f0 .concat [ 4 28 0 0], v0000028507e6c740_0, L_00000285081b0478;
L_000002850820db90 .cmp/ge 32, L_00000285081b04c0, L_000002850820d5f0;
L_000002850820dc30 .functor MUXZ 1, L_00000285081b0550, L_00000285081b0508, L_0000028507e6dfa0, C4<>;
S_0000028507dc48d0 .scope generate, "R[0]" "R[0]" 4 58, 4 58 0, S_0000028507dcdd40;
 .timescale -9 -12;
P_0000028507e03930 .param/l "r" 0 4 58, +C4<00>;
S_0000028507dbf5c0 .scope generate, "C[0]" "C[0]" 4 59, 4 59 0, S_0000028507dc48d0;
 .timescale -9 -12;
P_0000028507e041b0 .param/l "c" 0 4 59, +C4<00>;
v0000028507dfad60_0 .net *"_ivl_1", 18 0, L_0000028508208730;  1 drivers
L_00000285081b0160 .functor BUFT 1, C4<0>, C4<0>, C4<0>, C4<0>;
v0000028507dfab80_0 .net *"_ivl_5", 0 0, L_00000285081b0160;  1 drivers
L_0000028508209770 .concat [ 19 1 0 0], L_0000028508208730, L_00000285081b0160;
L_00000285082091d0 .part v0000028507df9e60_0, 0, 19;
S_0000028507dbf750 .scope module, "u_PE_weight_stationary" "PE_weight_stationary" 4 64, 5 4 0, S_0000028507dbf5c0;
 .timescale -9 -12;
    .port_info 0 /INPUT 1 "clk";
    .port_info 1 /INPUT 1 "nrst";
    .port_info 2 /INPUT 8 "ifmap_i";
    .port_info 3 /INPUT 20 "psum_i";
    .port_info 4 /INPUT 8 "weight_i";
    .port_info 5 /INPUT 1 "pe_en";
    .port_info 6 /OUTPUT 8 "ifmap_o";
    .port_info 7 /OUTPUT 20 "psum_o";
P_0000028507dbf8e0 .param/l "ACCUMULATION_WIDTH" 0 5 7, +C4<00000000000000000000000000000100>;
P_0000028507dbf918 .param/l "IFMAP_WIDTH" 0 5 5, +C4<00000000000000000000000000001000>;
P_0000028507dbf950 .param/l "PSUM_WIDTH" 0 5 8, +C4<0000000000000000000000000000010100>;
P_0000028507dbf988 .param/l "WEIGHT_WIDTH" 0 5 6, +C4<00000000000000000000000000001000>;
v0000028507dfa900_0 .net "clk", 0 0, v0000028507e6d140_0;  alias, 1 drivers
v0000028507dfafe0_0 .net/s "ifmap_i", 7 0, L_00000285082087d0;  1 drivers
v0000028507dfa860_0 .net/s "ifmap_o", 7 0, v0000028507dfa040_0;  1 drivers
v0000028507dfa040_0 .var/s "ifmap_r", 7 0;
v0000028507dfb760_0 .net "nrst", 0 0, v0000028507e6d500_0;  alias, 1 drivers
v0000028507dfb8a0_0 .net "pe_en", 0 0, v0000028507e6b980_0;  alias, 1 drivers
v0000028507dfa2c0_0 .net/s "psum_i", 19 0, L_0000028508209770;  1 drivers
v0000028507df9c80_0 .net/s "psum_o", 19 0, v0000028507df9e60_0;  1 drivers
v0000028507df9e60_0 .var/s "psum_r", 19 0;
v0000028507dfa400_0 .net/s "weight_i", 7 0, L_00000285082089b0;  1 drivers
E_0000028507e03870/0 .event negedge, v0000028507dfb760_0;
E_0000028507e03870/1 .event posedge, v0000028507dfa900_0;
E_0000028507e03870 .event/or E_0000028507e03870/0, E_0000028507e03870/1;
S_0000028507d66070 .scope generate, "C[1]" "C[1]" 4 59, 4 59 0, S_0000028507dc48d0;
 .timescale -9 -12;
P_0000028507e041f0 .param/l "c" 0 4 59, +C4<01>;
v0000028507dfb940_0 .net *"_ivl_1", 18 0, L_00000285082080f0;  1 drivers
L_00000285081b01a8 .functor BUFT 1, C4<0>, C4<0>, C4<0>, C4<0>;
v0000028507df9fa0_0 .net *"_ivl_5", 0 0, L_00000285081b01a8;  1 drivers
L_0000028508209450 .concat [ 19 1 0 0], L_00000285082080f0, L_00000285081b01a8;
L_0000028508208870 .part v0000028507dfb580_0, 0, 19;
S_0000028507d66200 .scope module, "u_PE_weight_stationary" "PE_weight_stationary" 4 64, 5 4 0, S_0000028507d66070;
 .timescale -9 -12;
    .port_info 0 /INPUT 1 "clk";
    .port_info 1 /INPUT 1 "nrst";
    .port_info 2 /INPUT 8 "ifmap_i";
    .port_info 3 /INPUT 20 "psum_i";
    .port_info 4 /INPUT 8 "weight_i";
    .port_info 5 /INPUT 1 "pe_en";
    .port_info 6 /OUTPUT 8 "ifmap_o";
    .port_info 7 /OUTPUT 20 "psum_o";
P_0000028507dc4a60 .param/l "ACCUMULATION_WIDTH" 0 5 7, +C4<00000000000000000000000000000100>;
P_0000028507dc4a98 .param/l "IFMAP_WIDTH" 0 5 5, +C4<00000000000000000000000000001000>;
P_0000028507dc4ad0 .param/l "PSUM_WIDTH" 0 5 8, +C4<0000000000000000000000000000010100>;
P_0000028507dc4b08 .param/l "WEIGHT_WIDTH" 0 5 6, +C4<00000000000000000000000000001000>;
v0000028507df9d20_0 .net "clk", 0 0, v0000028507e6d140_0;  alias, 1 drivers
v0000028507dfa4a0_0 .net/s "ifmap_i", 7 0, L_0000028508209e50;  1 drivers
v0000028507dfb300_0 .net/s "ifmap_o", 7 0, v0000028507dfb800_0;  1 drivers
v0000028507dfb800_0 .var/s "ifmap_r", 7 0;
v0000028507dfb3a0_0 .net "nrst", 0 0, v0000028507e6d500_0;  alias, 1 drivers
v0000028507dfb4e0_0 .net "pe_en", 0 0, v0000028507e6b980_0;  alias, 1 drivers
v0000028507dfa540_0 .net/s "psum_i", 19 0, L_0000028508209450;  1 drivers
v0000028507dfb440_0 .net/s "psum_o", 19 0, v0000028507dfb580_0;  1 drivers
v0000028507dfb580_0 .var/s "psum_r", 19 0;
v0000028507dfb6c0_0 .net/s "weight_i", 7 0, L_0000028508209270;  1 drivers
S_0000028507d66390 .scope generate, "C[2]" "C[2]" 4 59, 4 59 0, S_0000028507dc48d0;
 .timescale -9 -12;
P_0000028507e03d30 .param/l "c" 0 4 59, +C4<010>;
v0000028507de81b0_0 .net *"_ivl_1", 18 0, L_00000285082084b0;  1 drivers
L_00000285081b01f0 .functor BUFT 1, C4<0>, C4<0>, C4<0>, C4<0>;
v0000028507de8250_0 .net *"_ivl_5", 0 0, L_00000285081b01f0;  1 drivers
L_0000028508209c70 .concat [ 19 1 0 0], L_00000285082084b0, L_00000285081b01f0;
L_0000028508209d10 .part v0000028507de8b10_0, 0, 19;
S_0000028507e61030 .scope module, "u_PE_weight_stationary" "PE_weight_stationary" 4 64, 5 4 0, S_0000028507d66390;
 .timescale -9 -12;
    .port_info 0 /INPUT 1 "clk";
    .port_info 1 /INPUT 1 "nrst";
    .port_info 2 /INPUT 8 "ifmap_i";
    .port_info 3 /INPUT 20 "psum_i";
    .port_info 4 /INPUT 8 "weight_i";
    .port_info 5 /INPUT 1 "pe_en";
    .port_info 6 /OUTPUT 8 "ifmap_o";
    .port_info 7 /OUTPUT 20 "psum_o";
P_0000028507e611c0 .param/l "ACCUMULATION_WIDTH" 0 5 7, +C4<00000000000000000000000000000100>;
P_0000028507e611f8 .param/l "IFMAP_WIDTH" 0 5 5, +C4<00000000000000000000000000001000>;
P_0000028507e61230 .param/l "PSUM_WIDTH" 0 5 8, +C4<0000000000000000000000000000010100>;
P_0000028507e61268 .param/l "WEIGHT_WIDTH" 0 5 6, +C4<00000000000000000000000000001000>;
v0000028507dfa5e0_0 .net "clk", 0 0, v0000028507e6d140_0;  alias, 1 drivers
v0000028507de8d90_0 .net/s "ifmap_i", 7 0, L_0000028508208a50;  1 drivers
v0000028507de7fd0_0 .net/s "ifmap_o", 7 0, v0000028507de90b0_0;  1 drivers
v0000028507de90b0_0 .var/s "ifmap_r", 7 0;
v0000028507de8e30_0 .net "nrst", 0 0, v0000028507e6d500_0;  alias, 1 drivers
v0000028507de8430_0 .net "pe_en", 0 0, v0000028507e6b980_0;  alias, 1 drivers
v0000028507de7990_0 .net/s "psum_i", 19 0, L_0000028508209c70;  1 drivers
v0000028507de7df0_0 .net/s "psum_o", 19 0, v0000028507de8b10_0;  1 drivers
v0000028507de8b10_0 .var/s "psum_r", 19 0;
v0000028507de8cf0_0 .net/s "weight_i", 7 0, L_0000028508209bd0;  1 drivers
S_0000028507e612b0 .scope generate, "R[1]" "R[1]" 4 58, 4 58 0, S_0000028507dcdd40;
 .timescale -9 -12;
P_0000028507e04270 .param/l "r" 0 4 58, +C4<01>;
S_0000028507e61440 .scope generate, "C[0]" "C[0]" 4 59, 4 59 0, S_0000028507e612b0;
 .timescale -9 -12;
P_0000028507e043b0 .param/l "c" 0 4 59, +C4<00>;
v0000028507de7f30_0 .net *"_ivl_1", 18 0, L_0000028508208eb0;  1 drivers
L_00000285081b0238 .functor BUFT 1, C4<0>, C4<0>, C4<0>, C4<0>;
v0000028507de9150_0 .net *"_ivl_5", 0 0, L_00000285081b0238;  1 drivers
L_00000285082096d0 .concat [ 19 1 0 0], L_0000028508208eb0, L_00000285081b0238;
L_0000028508209f90 .part v0000028507de7710_0, 0, 19;
S_0000028507e615d0 .scope module, "u_PE_weight_stationary" "PE_weight_stationary" 4 64, 5 4 0, S_0000028507e61440;
 .timescale -9 -12;
    .port_info 0 /INPUT 1 "clk";
    .port_info 1 /INPUT 1 "nrst";
    .port_info 2 /INPUT 8 "ifmap_i";
    .port_info 3 /INPUT 20 "psum_i";
    .port_info 4 /INPUT 8 "weight_i";
    .port_info 5 /INPUT 1 "pe_en";
    .port_info 6 /OUTPUT 8 "ifmap_o";
    .port_info 7 /OUTPUT 20 "psum_o";
P_0000028507e61760 .param/l "ACCUMULATION_WIDTH" 0 5 7, +C4<00000000000000000000000000000100>;
P_0000028507e61798 .param/l "IFMAP_WIDTH" 0 5 5, +C4<00000000000000000000000000001000>;
P_0000028507e617d0 .param/l "PSUM_WIDTH" 0 5 8, +C4<0000000000000000000000000000010100>;
P_0000028507e61808 .param/l "WEIGHT_WIDTH" 0 5 6, +C4<00000000000000000000000000001000>;
v0000028507de84d0_0 .net "clk", 0 0, v0000028507e6d140_0;  alias, 1 drivers
v0000028507de7b70_0 .net/s "ifmap_i", 7 0, L_0000028508208550;  1 drivers
v0000028507de8570_0 .net/s "ifmap_o", 7 0, v0000028507de91f0_0;  1 drivers
v0000028507de91f0_0 .var/s "ifmap_r", 7 0;
v0000028507de9470_0 .net "nrst", 0 0, v0000028507e6d500_0;  alias, 1 drivers
v0000028507de8930_0 .net "pe_en", 0 0, v0000028507e6b980_0;  alias, 1 drivers
v0000028507de86b0_0 .net/s "psum_i", 19 0, L_00000285082096d0;  1 drivers
v0000028507de8890_0 .net/s "psum_o", 19 0, v0000028507de7710_0;  1 drivers
v0000028507de7710_0 .var/s "psum_r", 19 0;
v0000028507de8f70_0 .net/s "weight_i", 7 0, L_0000028508209db0;  1 drivers
S_0000028507e61850 .scope generate, "C[1]" "C[1]" 4 59, 4 59 0, S_0000028507e612b0;
 .timescale -9 -12;
P_0000028507e046f0 .param/l "c" 0 4 59, +C4<01>;
v0000028507de22f0_0 .net *"_ivl_1", 18 0, L_0000028508209310;  1 drivers
L_00000285081b0280 .functor BUFT 1, C4<0>, C4<0>, C4<0>, C4<0>;
v0000028507de2610_0 .net *"_ivl_5", 0 0, L_00000285081b0280;  1 drivers
L_00000285082093b0 .concat [ 19 1 0 0], L_0000028508209310, L_00000285081b0280;
L_0000028508208190 .part v0000028507de2570_0, 0, 19;
S_0000028507e62520 .scope module, "u_PE_weight_stationary" "PE_weight_stationary" 4 64, 5 4 0, S_0000028507e61850;
 .timescale -9 -12;
    .port_info 0 /INPUT 1 "clk";
    .port_info 1 /INPUT 1 "nrst";
    .port_info 2 /INPUT 8 "ifmap_i";
    .port_info 3 /INPUT 20 "psum_i";
    .port_info 4 /INPUT 8 "weight_i";
    .port_info 5 /INPUT 1 "pe_en";
    .port_info 6 /OUTPUT 8 "ifmap_o";
    .port_info 7 /OUTPUT 20 "psum_o";
P_0000028507e629f0 .param/l "ACCUMULATION_WIDTH" 0 5 7, +C4<00000000000000000000000000000100>;
P_0000028507e62a28 .param/l "IFMAP_WIDTH" 0 5 5, +C4<00000000000000000000000000001000>;
P_0000028507e62a60 .param/l "PSUM_WIDTH" 0 5 8, +C4<0000000000000000000000000000010100>;
P_0000028507e62a98 .param/l "WEIGHT_WIDTH" 0 5 6, +C4<00000000000000000000000000001000>;
v0000028507de87f0_0 .net "clk", 0 0, v0000028507e6d140_0;  alias, 1 drivers
v0000028507de89d0_0 .net/s "ifmap_i", 7 0, L_0000028508209630;  1 drivers
v0000028507de8bb0_0 .net/s "ifmap_o", 7 0, v0000028507de8c50_0;  1 drivers
v0000028507de8c50_0 .var/s "ifmap_r", 7 0;
v0000028507de9010_0 .net "nrst", 0 0, v0000028507e6d500_0;  alias, 1 drivers
v0000028507de1e90_0 .net "pe_en", 0 0, v0000028507e6b980_0;  alias, 1 drivers
v0000028507de29d0_0 .net/s "psum_i", 19 0, L_00000285082093b0;  1 drivers
v0000028507de2bb0_0 .net/s "psum_o", 19 0, v0000028507de2570_0;  1 drivers
v0000028507de2570_0 .var/s "psum_r", 19 0;
v0000028507de2a70_0 .net/s "weight_i", 7 0, L_0000028508209ef0;  1 drivers
S_0000028507e61ee0 .scope generate, "C[2]" "C[2]" 4 59, 4 59 0, S_0000028507e612b0;
 .timescale -9 -12;
P_0000028507e04770 .param/l "c" 0 4 59, +C4<010>;
v0000028507e653b0_0 .net *"_ivl_1", 18 0, L_0000028508208230;  1 drivers
L_00000285081b02c8 .functor BUFT 1, C4<0>, C4<0>, C4<0>, C4<0>;
v0000028507e66ad0_0 .net *"_ivl_5", 0 0, L_00000285081b02c8;  1 drivers
L_00000285082094f0 .concat [ 19 1 0 0], L_0000028508208230, L_00000285081b02c8;
L_0000028508209590 .part v0000028507e66990_0, 0, 19;
S_0000028507e61d50 .scope module, "u_PE_weight_stationary" "PE_weight_stationary" 4 64, 5 4 0, S_0000028507e61ee0;
 .timescale -9 -12;
    .port_info 0 /INPUT 1 "clk";
    .port_info 1 /INPUT 1 "nrst";
    .port_info 2 /INPUT 8 "ifmap_i";
    .port_info 3 /INPUT 20 "psum_i";
    .port_info 4 /INPUT 8 "weight_i";
    .port_info 5 /INPUT 1 "pe_en";
    .port_info 6 /OUTPUT 8 "ifmap_o";
    .port_info 7 /OUTPUT 20 "psum_o";
P_0000028507e62ae0 .param/l "ACCUMULATION_WIDTH" 0 5 7, +C4<00000000000000000000000000000100>;
P_0000028507e62b18 .param/l "IFMAP_WIDTH" 0 5 5, +C4<00000000000000000000000000001000>;
P_0000028507e62b50 .param/l "PSUM_WIDTH" 0 5 8, +C4<0000000000000000000000000000010100>;
P_0000028507e62b88 .param/l "WEIGHT_WIDTH" 0 5 6, +C4<00000000000000000000000000001000>;
v0000028507de2250_0 .net "clk", 0 0, v0000028507e6d140_0;  alias, 1 drivers
v0000028507de26b0_0 .net/s "ifmap_i", 7 0, L_0000028508208b90;  1 drivers
v0000028507de2c50_0 .net/s "ifmap_o", 7 0, v0000028507de2750_0;  1 drivers
v0000028507de2750_0 .var/s "ifmap_r", 7 0;
v0000028507e660d0_0 .net "nrst", 0 0, v0000028507e6d500_0;  alias, 1 drivers
v0000028507e65bd0_0 .net "pe_en", 0 0, v0000028507e6b980_0;  alias, 1 drivers
v0000028507e66a30_0 .net/s "psum_i", 19 0, L_00000285082094f0;  1 drivers
v0000028507e65590_0 .net/s "psum_o", 19 0, v0000028507e66990_0;  1 drivers
v0000028507e66990_0 .var/s "psum_r", 19 0;
v0000028507e64c30_0 .net/s "weight_i", 7 0, L_0000028508208690;  1 drivers
S_0000028507e61a30 .scope generate, "R[2]" "R[2]" 4 58, 4 58 0, S_0000028507dcdd40;
 .timescale -9 -12;
P_0000028507e039b0 .param/l "r" 0 4 58, +C4<010>;
S_0000028507e62070 .scope generate, "C[0]" "C[0]" 4 59, 4 59 0, S_0000028507e61a30;
 .timescale -9 -12;
P_0000028507e03a30 .param/l "c" 0 4 59, +C4<00>;
v0000028507e64cd0_0 .net *"_ivl_1", 18 0, L_0000028508208ff0;  1 drivers
L_00000285081b0310 .functor BUFT 1, C4<0>, C4<0>, C4<0>, C4<0>;
v0000028507e667b0_0 .net *"_ivl_5", 0 0, L_00000285081b0310;  1 drivers
L_0000028508208f50 .concat [ 19 1 0 0], L_0000028508208ff0, L_00000285081b0310;
L_0000028508208c30 .part v0000028507e65770_0, 0, 19;
S_0000028507e61bc0 .scope module, "u_PE_weight_stationary" "PE_weight_stationary" 4 64, 5 4 0, S_0000028507e62070;
 .timescale -9 -12;
    .port_info 0 /INPUT 1 "clk";
    .port_info 1 /INPUT 1 "nrst";
    .port_info 2 /INPUT 8 "ifmap_i";
    .port_info 3 /INPUT 20 "psum_i";
    .port_info 4 /INPUT 8 "weight_i";
    .port_info 5 /INPUT 1 "pe_en";
    .port_info 6 /OUTPUT 8 "ifmap_o";
    .port_info 7 /OUTPUT 20 "psum_o";
P_0000028507e66bf0 .param/l "ACCUMULATION_WIDTH" 0 5 7, +C4<00000000000000000000000000000100>;
P_0000028507e66c28 .param/l "IFMAP_WIDTH" 0 5 5, +C4<00000000000000000000000000001000>;
P_0000028507e66c60 .param/l "PSUM_WIDTH" 0 5 8, +C4<0000000000000000000000000000010100>;
P_0000028507e66c98 .param/l "WEIGHT_WIDTH" 0 5 6, +C4<00000000000000000000000000001000>;
v0000028507e66530_0 .net "clk", 0 0, v0000028507e6d140_0;  alias, 1 drivers
v0000028507e65270_0 .net/s "ifmap_i", 7 0, L_00000285082082d0;  1 drivers
v0000028507e66210_0 .net/s "ifmap_o", 7 0, v0000028507e65ef0_0;  1 drivers
v0000028507e65ef0_0 .var/s "ifmap_r", 7 0;
v0000028507e65310_0 .net "nrst", 0 0, v0000028507e6d500_0;  alias, 1 drivers
v0000028507e662b0_0 .net "pe_en", 0 0, v0000028507e6b980_0;  alias, 1 drivers
v0000028507e66350_0 .net/s "psum_i", 19 0, L_0000028508208f50;  1 drivers
v0000028507e656d0_0 .net/s "psum_o", 19 0, v0000028507e65770_0;  1 drivers
v0000028507e65770_0 .var/s "psum_r", 19 0;
v0000028507e665d0_0 .net/s "weight_i", 7 0, L_0000028508208370;  1 drivers
S_0000028507e62200 .scope generate, "C[1]" "C[1]" 4 59, 4 59 0, S_0000028507e61a30;
 .timescale -9 -12;
P_0000028507e03ab0 .param/l "c" 0 4 59, +C4<01>;
v0000028507e663f0_0 .net *"_ivl_1", 18 0, L_0000028508208cd0;  1 drivers
L_00000285081b0358 .functor BUFT 1, C4<0>, C4<0>, C4<0>, C4<0>;
v0000028507e654f0_0 .net *"_ivl_5", 0 0, L_00000285081b0358;  1 drivers
L_0000028508208e10 .concat [ 19 1 0 0], L_0000028508208cd0, L_00000285081b0358;
L_0000028508209810 .part v0000028507e65450_0, 0, 19;
S_0000028507e62390 .scope module, "u_PE_weight_stationary" "PE_weight_stationary" 4 64, 5 4 0, S_0000028507e62200;
 .timescale -9 -12;
    .port_info 0 /INPUT 1 "clk";
    .port_info 1 /INPUT 1 "nrst";
    .port_info 2 /INPUT 8 "ifmap_i";
    .port_info 3 /INPUT 20 "psum_i";
    .port_info 4 /INPUT 8 "weight_i";
    .port_info 5 /INPUT 1 "pe_en";
    .port_info 6 /OUTPUT 8 "ifmap_o";
    .port_info 7 /OUTPUT 20 "psum_o";
P_0000028507e690f0 .param/l "ACCUMULATION_WIDTH" 0 5 7, +C4<00000000000000000000000000000100>;
P_0000028507e69128 .param/l "IFMAP_WIDTH" 0 5 5, +C4<00000000000000000000000000001000>;
P_0000028507e69160 .param/l "PSUM_WIDTH" 0 5 8, +C4<0000000000000000000000000000010100>;
P_0000028507e69198 .param/l "WEIGHT_WIDTH" 0 5 6, +C4<00000000000000000000000000001000>;
v0000028507e65db0_0 .net "clk", 0 0, v0000028507e6d140_0;  alias, 1 drivers
v0000028507e65e50_0 .net/s "ifmap_i", 7 0, L_00000285082099f0;  1 drivers
v0000028507e64d70_0 .net/s "ifmap_o", 7 0, v0000028507e65130_0;  1 drivers
v0000028507e65130_0 .var/s "ifmap_r", 7 0;
v0000028507e668f0_0 .net "nrst", 0 0, v0000028507e6d500_0;  alias, 1 drivers
v0000028507e64e10_0 .net "pe_en", 0 0, v0000028507e6b980_0;  alias, 1 drivers
v0000028507e65f90_0 .net/s "psum_i", 19 0, L_0000028508208e10;  1 drivers
v0000028507e66490_0 .net/s "psum_o", 19 0, v0000028507e65450_0;  1 drivers
v0000028507e65450_0 .var/s "psum_r", 19 0;
v0000028507e64eb0_0 .net/s "weight_i", 7 0, L_00000285082098b0;  1 drivers
S_0000028507e626b0 .scope generate, "C[2]" "C[2]" 4 59, 4 59 0, S_0000028507e61a30;
 .timescale -9 -12;
P_0000028507e052b0 .param/l "c" 0 4 59, +C4<010>;
v0000028507e65950_0 .net *"_ivl_1", 18 0, L_0000028508209a90;  1 drivers
L_00000285081b03a0 .functor BUFT 1, C4<0>, C4<0>, C4<0>, C4<0>;
v0000028507e66170_0 .net *"_ivl_5", 0 0, L_00000285081b03a0;  1 drivers
L_0000028508208d70 .concat [ 19 1 0 0], L_0000028508209a90, L_00000285081b03a0;
L_000002850820e450 .part v0000028507e64f50_0, 0, 19;
S_0000028507e62840 .scope module, "u_PE_weight_stationary" "PE_weight_stationary" 4 64, 5 4 0, S_0000028507e626b0;
 .timescale -9 -12;
    .port_info 0 /INPUT 1 "clk";
    .port_info 1 /INPUT 1 "nrst";
    .port_info 2 /INPUT 8 "ifmap_i";
    .port_info 3 /INPUT 20 "psum_i";
    .port_info 4 /INPUT 8 "weight_i";
    .port_info 5 /INPUT 1 "pe_en";
    .port_info 6 /OUTPUT 8 "ifmap_o";
    .port_info 7 /OUTPUT 20 "psum_o";
P_0000028507e691e0 .param/l "ACCUMULATION_WIDTH" 0 5 7, +C4<00000000000000000000000000000100>;
P_0000028507e69218 .param/l "IFMAP_WIDTH" 0 5 5, +C4<00000000000000000000000000001000>;
P_0000028507e69250 .param/l "PSUM_WIDTH" 0 5 8, +C4<0000000000000000000000000000010100>;
P_0000028507e69288 .param/l "WEIGHT_WIDTH" 0 5 6, +C4<00000000000000000000000000001000>;
v0000028507e65810_0 .net "clk", 0 0, v0000028507e6d140_0;  alias, 1 drivers
v0000028507e658b0_0 .net/s "ifmap_i", 7 0, L_0000028508209950;  1 drivers
v0000028507e651d0_0 .net/s "ifmap_o", 7 0, v0000028507e65630_0;  1 drivers
v0000028507e65630_0 .var/s "ifmap_r", 7 0;
v0000028507e66030_0 .net "nrst", 0 0, v0000028507e6d500_0;  alias, 1 drivers
v0000028507e66850_0 .net "pe_en", 0 0, v0000028507e6b980_0;  alias, 1 drivers
v0000028507e66670_0 .net/s "psum_i", 19 0, L_0000028508208d70;  1 drivers
v0000028507e65a90_0 .net/s "psum_o", 19 0, v0000028507e64f50_0;  1 drivers
v0000028507e64f50_0 .var/s "psum_r", 19 0;
v0000028507e65b30_0 .net/s "weight_i", 7 0, L_0000028508208410;  1 drivers
S_0000028507e69650 .scope generate, "genblk1[0]" "genblk1[0]" 4 45, 4 45 0, S_0000028507dcdd40;
 .timescale -9 -12;
P_0000028507e04e70 .param/l "row" 0 4 45, +C4<00>;
v0000028507e659f0_0 .net *"_ivl_0", 7 0, L_0000028507e6ca60;  1 drivers
S_0000028507e6ac30 .scope generate, "genblk1[1]" "genblk1[1]" 4 45, 4 45 0, S_0000028507dcdd40;
 .timescale -9 -12;
P_0000028507e05030 .param/l "row" 0 4 45, +C4<01>;
v0000028507e65090_0 .net *"_ivl_0", 7 0, L_0000028507e6cc40;  1 drivers
S_0000028507e69e20 .scope generate, "genblk1[2]" "genblk1[2]" 4 45, 4 45 0, S_0000028507dcdd40;
 .timescale -9 -12;
P_0000028507e04eb0 .param/l "row" 0 4 45, +C4<010>;
v0000028507e65c70_0 .net *"_ivl_0", 7 0, L_0000028507e6d320;  1 drivers
S_0000028507e6a910 .scope generate, "genblk2[0]" "genblk2[0]" 4 49, 4 49 0, S_0000028507dcdd40;
 .timescale -9 -12;
P_0000028507e051f0 .param/l "col" 0 4 49, +C4<00>;
v0000028507e66710_0 .net/2s *"_ivl_0", 18 0, L_00000285081b0088;  1 drivers
v0000028507e64ff0_0 .net *"_ivl_2", 18 0, L_0000028508208af0;  1 drivers
S_0000028507e6b400 .scope generate, "genblk2[1]" "genblk2[1]" 4 49, 4 49 0, S_0000028507dcdd40;
 .timescale -9 -12;
P_0000028507e04e30 .param/l "col" 0 4 49, +C4<01>;
v0000028507e65d10_0 .net/2s *"_ivl_0", 18 0, L_00000285081b00d0;  1 drivers
v0000028507e6be80_0 .net *"_ivl_2", 18 0, L_00000285082085f0;  1 drivers
S_0000028507e697e0 .scope generate, "genblk2[2]" "genblk2[2]" 4 49, 4 49 0, S_0000028507dcdd40;
 .timescale -9 -12;
P_0000028507e04ab0 .param/l "col" 0 4 49, +C4<010>;
v0000028507e6c4c0_0 .net/2s *"_ivl_0", 18 0, L_00000285081b0118;  1 drivers
v0000028507e6cec0_0 .net *"_ivl_2", 18 0, L_0000028508209130;  1 drivers
S_0000028507e6a140 .scope module, "u_weight_kernel_conv0" "weight_kernel_conv0" 4 84, 6 5 0, S_0000028507dcdd40;
 .timescale -9 -12;
    .port_info 0 /OUTPUT 72 "weight_o";
P_0000028507e06610 .param/l "KERNEL_HEIGHT" 0 6 7, +C4<00000000000000000000000000000011>;
P_0000028507e06648 .param/l "KERNEL_WIDTH" 0 6 6, +C4<00000000000000000000000000000011>;
P_0000028507e06680 .param/l "WEIGHT_WIDTH" 0 6 8, +C4<00000000000000000000000000001000>;
v0000028507e6cce0_0 .net/s "weight_o", 71 0, L_00000285081b0598;  alias, 1 drivers
    .scope S_0000028507dbf750;
T_0 ;
    %wait E_0000028507e03870;
    %load/vec4 v0000028507dfb760_0;
    %inv;
    %flag_set/vec4 8;
    %jmp/0xz  T_0.0, 8;
    %pushi/vec4 0, 0, 20;
    %assign/vec4 v0000028507df9e60_0, 0;
    %jmp T_0.1;
T_0.0 ;
    %load/vec4 v0000028507dfb8a0_0;
    %flag_set/vec4 8;
    %jmp/0xz  T_0.2, 8;
    %load/vec4 v0000028507dfa2c0_0;
    %load/vec4 v0000028507dfafe0_0;
    %pad/s 20;
    %load/vec4 v0000028507dfa400_0;
    %pad/s 20;
    %mul;
    %add;
    %assign/vec4 v0000028507df9e60_0, 0;
    %jmp T_0.3;
T_0.2 ;
    %pushi/vec4 0, 0, 20;
    %assign/vec4 v0000028507df9e60_0, 0;
T_0.3 ;
T_0.1 ;
    %jmp T_0;
    .thread T_0;
    .scope S_0000028507dbf750;
T_1 ;
    %wait E_0000028507e03870;
    %load/vec4 v0000028507dfb760_0;
    %inv;
    %flag_set/vec4 8;
    %jmp/0xz  T_1.0, 8;
    %pushi/vec4 0, 0, 8;
    %assign/vec4 v0000028507dfa040_0, 0;
    %jmp T_1.1;
T_1.0 ;
    %load/vec4 v0000028507dfb8a0_0;
    %flag_set/vec4 8;
    %jmp/0xz  T_1.2, 8;
    %load/vec4 v0000028507dfafe0_0;
    %assign/vec4 v0000028507dfa040_0, 0;
    %jmp T_1.3;
T_1.2 ;
    %pushi/vec4 0, 0, 8;
    %assign/vec4 v0000028507dfa040_0, 0;
T_1.3 ;
T_1.1 ;
    %jmp T_1;
    .thread T_1;
    .scope S_0000028507d66200;
T_2 ;
    %wait E_0000028507e03870;
    %load/vec4 v0000028507dfb3a0_0;
    %inv;
    %flag_set/vec4 8;
    %jmp/0xz  T_2.0, 8;
    %pushi/vec4 0, 0, 20;
    %assign/vec4 v0000028507dfb580_0, 0;
    %jmp T_2.1;
T_2.0 ;
    %load/vec4 v0000028507dfb4e0_0;
    %flag_set/vec4 8;
    %jmp/0xz  T_2.2, 8;
    %load/vec4 v0000028507dfa540_0;
    %load/vec4 v0000028507dfa4a0_0;
    %pad/s 20;
    %load/vec4 v0000028507dfb6c0_0;
    %pad/s 20;
    %mul;
    %add;
    %assign/vec4 v0000028507dfb580_0, 0;
    %jmp T_2.3;
T_2.2 ;
    %pushi/vec4 0, 0, 20;
    %assign/vec4 v0000028507dfb580_0, 0;
T_2.3 ;
T_2.1 ;
    %jmp T_2;
    .thread T_2;
    .scope S_0000028507d66200;
T_3 ;
    %wait E_0000028507e03870;
    %load/vec4 v0000028507dfb3a0_0;
    %inv;
    %flag_set/vec4 8;
    %jmp/0xz  T_3.0, 8;
    %pushi/vec4 0, 0, 8;
    %assign/vec4 v0000028507dfb800_0, 0;
    %jmp T_3.1;
T_3.0 ;
    %load/vec4 v0000028507dfb4e0_0;
    %flag_set/vec4 8;
    %jmp/0xz  T_3.2, 8;
    %load/vec4 v0000028507dfa4a0_0;
    %assign/vec4 v0000028507dfb800_0, 0;
    %jmp T_3.3;
T_3.2 ;
    %pushi/vec4 0, 0, 8;
    %assign/vec4 v0000028507dfb800_0, 0;
T_3.3 ;
T_3.1 ;
    %jmp T_3;
    .thread T_3;
    .scope S_0000028507e61030;
T_4 ;
    %wait E_0000028507e03870;
    %load/vec4 v0000028507de8e30_0;
    %inv;
    %flag_set/vec4 8;
    %jmp/0xz  T_4.0, 8;
    %pushi/vec4 0, 0, 20;
    %assign/vec4 v0000028507de8b10_0, 0;
    %jmp T_4.1;
T_4.0 ;
    %load/vec4 v0000028507de8430_0;
    %flag_set/vec4 8;
    %jmp/0xz  T_4.2, 8;
    %load/vec4 v0000028507de7990_0;
    %load/vec4 v0000028507de8d90_0;
    %pad/s 20;
    %load/vec4 v0000028507de8cf0_0;
    %pad/s 20;
    %mul;
    %add;
    %assign/vec4 v0000028507de8b10_0, 0;
    %jmp T_4.3;
T_4.2 ;
    %pushi/vec4 0, 0, 20;
    %assign/vec4 v0000028507de8b10_0, 0;
T_4.3 ;
T_4.1 ;
    %jmp T_4;
    .thread T_4;
    .scope S_0000028507e61030;
T_5 ;
    %wait E_0000028507e03870;
    %load/vec4 v0000028507de8e30_0;
    %inv;
    %flag_set/vec4 8;
    %jmp/0xz  T_5.0, 8;
    %pushi/vec4 0, 0, 8;
    %assign/vec4 v0000028507de90b0_0, 0;
    %jmp T_5.1;
T_5.0 ;
    %load/vec4 v0000028507de8430_0;
    %flag_set/vec4 8;
    %jmp/0xz  T_5.2, 8;
    %load/vec4 v0000028507de8d90_0;
    %assign/vec4 v0000028507de90b0_0, 0;
    %jmp T_5.3;
T_5.2 ;
    %pushi/vec4 0, 0, 8;
    %assign/vec4 v0000028507de90b0_0, 0;
T_5.3 ;
T_5.1 ;
    %jmp T_5;
    .thread T_5;
    .scope S_0000028507e615d0;
T_6 ;
    %wait E_0000028507e03870;
    %load/vec4 v0000028507de9470_0;
    %inv;
    %flag_set/vec4 8;
    %jmp/0xz  T_6.0, 8;
    %pushi/vec4 0, 0, 20;
    %assign/vec4 v0000028507de7710_0, 0;
    %jmp T_6.1;
T_6.0 ;
    %load/vec4 v0000028507de8930_0;
    %flag_set/vec4 8;
    %jmp/0xz  T_6.2, 8;
    %load/vec4 v0000028507de86b0_0;
    %load/vec4 v0000028507de7b70_0;
    %pad/s 20;
    %load/vec4 v0000028507de8f70_0;
    %pad/s 20;
    %mul;
    %add;
    %assign/vec4 v0000028507de7710_0, 0;
    %jmp T_6.3;
T_6.2 ;
    %pushi/vec4 0, 0, 20;
    %assign/vec4 v0000028507de7710_0, 0;
T_6.3 ;
T_6.1 ;
    %jmp T_6;
    .thread T_6;
    .scope S_0000028507e615d0;
T_7 ;
    %wait E_0000028507e03870;
    %load/vec4 v0000028507de9470_0;
    %inv;
    %flag_set/vec4 8;
    %jmp/0xz  T_7.0, 8;
    %pushi/vec4 0, 0, 8;
    %assign/vec4 v0000028507de91f0_0, 0;
    %jmp T_7.1;
T_7.0 ;
    %load/vec4 v0000028507de8930_0;
    %flag_set/vec4 8;
    %jmp/0xz  T_7.2, 8;
    %load/vec4 v0000028507de7b70_0;
    %assign/vec4 v0000028507de91f0_0, 0;
    %jmp T_7.3;
T_7.2 ;
    %pushi/vec4 0, 0, 8;
    %assign/vec4 v0000028507de91f0_0, 0;
T_7.3 ;
T_7.1 ;
    %jmp T_7;
    .thread T_7;
    .scope S_0000028507e62520;
T_8 ;
    %wait E_0000028507e03870;
    %load/vec4 v0000028507de9010_0;
    %inv;
    %flag_set/vec4 8;
    %jmp/0xz  T_8.0, 8;
    %pushi/vec4 0, 0, 20;
    %assign/vec4 v0000028507de2570_0, 0;
    %jmp T_8.1;
T_8.0 ;
    %load/vec4 v0000028507de1e90_0;
    %flag_set/vec4 8;
    %jmp/0xz  T_8.2, 8;
    %load/vec4 v0000028507de29d0_0;
    %load/vec4 v0000028507de89d0_0;
    %pad/s 20;
    %load/vec4 v0000028507de2a70_0;
    %pad/s 20;
    %mul;
    %add;
    %assign/vec4 v0000028507de2570_0, 0;
    %jmp T_8.3;
T_8.2 ;
    %pushi/vec4 0, 0, 20;
    %assign/vec4 v0000028507de2570_0, 0;
T_8.3 ;
T_8.1 ;
    %jmp T_8;
    .thread T_8;
    .scope S_0000028507e62520;
T_9 ;
    %wait E_0000028507e03870;
    %load/vec4 v0000028507de9010_0;
    %inv;
    %flag_set/vec4 8;
    %jmp/0xz  T_9.0, 8;
    %pushi/vec4 0, 0, 8;
    %assign/vec4 v0000028507de8c50_0, 0;
    %jmp T_9.1;
T_9.0 ;
    %load/vec4 v0000028507de1e90_0;
    %flag_set/vec4 8;
    %jmp/0xz  T_9.2, 8;
    %load/vec4 v0000028507de89d0_0;
    %assign/vec4 v0000028507de8c50_0, 0;
    %jmp T_9.3;
T_9.2 ;
    %pushi/vec4 0, 0, 8;
    %assign/vec4 v0000028507de8c50_0, 0;
T_9.3 ;
T_9.1 ;
    %jmp T_9;
    .thread T_9;
    .scope S_0000028507e61d50;
T_10 ;
    %wait E_0000028507e03870;
    %load/vec4 v0000028507e660d0_0;
    %inv;
    %flag_set/vec4 8;
    %jmp/0xz  T_10.0, 8;
    %pushi/vec4 0, 0, 20;
    %assign/vec4 v0000028507e66990_0, 0;
    %jmp T_10.1;
T_10.0 ;
    %load/vec4 v0000028507e65bd0_0;
    %flag_set/vec4 8;
    %jmp/0xz  T_10.2, 8;
    %load/vec4 v0000028507e66a30_0;
    %load/vec4 v0000028507de26b0_0;
    %pad/s 20;
    %load/vec4 v0000028507e64c30_0;
    %pad/s 20;
    %mul;
    %add;
    %assign/vec4 v0000028507e66990_0, 0;
    %jmp T_10.3;
T_10.2 ;
    %pushi/vec4 0, 0, 20;
    %assign/vec4 v0000028507e66990_0, 0;
T_10.3 ;
T_10.1 ;
    %jmp T_10;
    .thread T_10;
    .scope S_0000028507e61d50;
T_11 ;
    %wait E_0000028507e03870;
    %load/vec4 v0000028507e660d0_0;
    %inv;
    %flag_set/vec4 8;
    %jmp/0xz  T_11.0, 8;
    %pushi/vec4 0, 0, 8;
    %assign/vec4 v0000028507de2750_0, 0;
    %jmp T_11.1;
T_11.0 ;
    %load/vec4 v0000028507e65bd0_0;
    %flag_set/vec4 8;
    %jmp/0xz  T_11.2, 8;
    %load/vec4 v0000028507de26b0_0;
    %assign/vec4 v0000028507de2750_0, 0;
    %jmp T_11.3;
T_11.2 ;
    %pushi/vec4 0, 0, 8;
    %assign/vec4 v0000028507de2750_0, 0;
T_11.3 ;
T_11.1 ;
    %jmp T_11;
    .thread T_11;
    .scope S_0000028507e61bc0;
T_12 ;
    %wait E_0000028507e03870;
    %load/vec4 v0000028507e65310_0;
    %inv;
    %flag_set/vec4 8;
    %jmp/0xz  T_12.0, 8;
    %pushi/vec4 0, 0, 20;
    %assign/vec4 v0000028507e65770_0, 0;
    %jmp T_12.1;
T_12.0 ;
    %load/vec4 v0000028507e662b0_0;
    %flag_set/vec4 8;
    %jmp/0xz  T_12.2, 8;
    %load/vec4 v0000028507e66350_0;
    %load/vec4 v0000028507e65270_0;
    %pad/s 20;
    %load/vec4 v0000028507e665d0_0;
    %pad/s 20;
    %mul;
    %add;
    %assign/vec4 v0000028507e65770_0, 0;
    %jmp T_12.3;
T_12.2 ;
    %pushi/vec4 0, 0, 20;
    %assign/vec4 v0000028507e65770_0, 0;
T_12.3 ;
T_12.1 ;
    %jmp T_12;
    .thread T_12;
    .scope S_0000028507e61bc0;
T_13 ;
    %wait E_0000028507e03870;
    %load/vec4 v0000028507e65310_0;
    %inv;
    %flag_set/vec4 8;
    %jmp/0xz  T_13.0, 8;
    %pushi/vec4 0, 0, 8;
    %assign/vec4 v0000028507e65ef0_0, 0;
    %jmp T_13.1;
T_13.0 ;
    %load/vec4 v0000028507e662b0_0;
    %flag_set/vec4 8;
    %jmp/0xz  T_13.2, 8;
    %load/vec4 v0000028507e65270_0;
    %assign/vec4 v0000028507e65ef0_0, 0;
    %jmp T_13.3;
T_13.2 ;
    %pushi/vec4 0, 0, 8;
    %assign/vec4 v0000028507e65ef0_0, 0;
T_13.3 ;
T_13.1 ;
    %jmp T_13;
    .thread T_13;
    .scope S_0000028507e62390;
T_14 ;
    %wait E_0000028507e03870;
    %load/vec4 v0000028507e668f0_0;
    %inv;
    %flag_set/vec4 8;
    %jmp/0xz  T_14.0, 8;
    %pushi/vec4 0, 0, 20;
    %assign/vec4 v0000028507e65450_0, 0;
    %jmp T_14.1;
T_14.0 ;
    %load/vec4 v0000028507e64e10_0;
    %flag_set/vec4 8;
    %jmp/0xz  T_14.2, 8;
    %load/vec4 v0000028507e65f90_0;
    %load/vec4 v0000028507e65e50_0;
    %pad/s 20;
    %load/vec4 v0000028507e64eb0_0;
    %pad/s 20;
    %mul;
    %add;
    %assign/vec4 v0000028507e65450_0, 0;
    %jmp T_14.3;
T_14.2 ;
    %pushi/vec4 0, 0, 20;
    %assign/vec4 v0000028507e65450_0, 0;
T_14.3 ;
T_14.1 ;
    %jmp T_14;
    .thread T_14;
    .scope S_0000028507e62390;
T_15 ;
    %wait E_0000028507e03870;
    %load/vec4 v0000028507e668f0_0;
    %inv;
    %flag_set/vec4 8;
    %jmp/0xz  T_15.0, 8;
    %pushi/vec4 0, 0, 8;
    %assign/vec4 v0000028507e65130_0, 0;
    %jmp T_15.1;
T_15.0 ;
    %load/vec4 v0000028507e64e10_0;
    %flag_set/vec4 8;
    %jmp/0xz  T_15.2, 8;
    %load/vec4 v0000028507e65e50_0;
    %assign/vec4 v0000028507e65130_0, 0;
    %jmp T_15.3;
T_15.2 ;
    %pushi/vec4 0, 0, 8;
    %assign/vec4 v0000028507e65130_0, 0;
T_15.3 ;
T_15.1 ;
    %jmp T_15;
    .thread T_15;
    .scope S_0000028507e62840;
T_16 ;
    %wait E_0000028507e03870;
    %load/vec4 v0000028507e66030_0;
    %inv;
    %flag_set/vec4 8;
    %jmp/0xz  T_16.0, 8;
    %pushi/vec4 0, 0, 20;
    %assign/vec4 v0000028507e64f50_0, 0;
    %jmp T_16.1;
T_16.0 ;
    %load/vec4 v0000028507e66850_0;
    %flag_set/vec4 8;
    %jmp/0xz  T_16.2, 8;
    %load/vec4 v0000028507e66670_0;
    %load/vec4 v0000028507e658b0_0;
    %pad/s 20;
    %load/vec4 v0000028507e65b30_0;
    %pad/s 20;
    %mul;
    %add;
    %assign/vec4 v0000028507e64f50_0, 0;
    %jmp T_16.3;
T_16.2 ;
    %pushi/vec4 0, 0, 20;
    %assign/vec4 v0000028507e64f50_0, 0;
T_16.3 ;
T_16.1 ;
    %jmp T_16;
    .thread T_16;
    .scope S_0000028507e62840;
T_17 ;
    %wait E_0000028507e03870;
    %load/vec4 v0000028507e66030_0;
    %inv;
    %flag_set/vec4 8;
    %jmp/0xz  T_17.0, 8;
    %pushi/vec4 0, 0, 8;
    %assign/vec4 v0000028507e65630_0, 0;
    %jmp T_17.1;
T_17.0 ;
    %load/vec4 v0000028507e66850_0;
    %flag_set/vec4 8;
    %jmp/0xz  T_17.2, 8;
    %load/vec4 v0000028507e658b0_0;
    %assign/vec4 v0000028507e65630_0, 0;
    %jmp T_17.3;
T_17.2 ;
    %pushi/vec4 0, 0, 8;
    %assign/vec4 v0000028507e65630_0, 0;
T_17.3 ;
T_17.1 ;
    %jmp T_17;
    .thread T_17;
    .scope S_0000028507dcdd40;
T_18 ;
    %wait E_0000028507e03870;
    %load/vec4 v0000028507e6c9c0_0;
    %inv;
    %flag_set/vec4 8;
    %jmp/0xz  T_18.0, 8;
    %pushi/vec4 0, 0, 4;
    %assign/vec4 v0000028507e6c740_0, 0;
    %jmp T_18.1;
T_18.0 ;
    %load/vec4 v0000028507e6c060_0;
    %flag_set/vec4 8;
    %jmp/0xz  T_18.2, 8;
    %load/vec4 v0000028507e6c740_0;
    %addi 1, 0, 4;
    %assign/vec4 v0000028507e6c740_0, 0;
    %jmp T_18.3;
T_18.2 ;
    %pushi/vec4 0, 0, 4;
    %assign/vec4 v0000028507e6c740_0, 0;
T_18.3 ;
T_18.1 ;
    %jmp T_18;
    .thread T_18;
    .scope S_0000028507e062b0;
T_19 ;
    %pushi/vec4 1, 0, 1;
    %store/vec4 v0000028507e6d140_0, 0, 1;
T_19.0 ;
    %delay 5000, 0;
    %load/vec4 v0000028507e6d140_0;
    %inv;
    %store/vec4 v0000028507e6d140_0, 0, 1;
    %jmp T_19.0;
    %end;
    .thread T_19;
    .scope S_0000028507e062b0;
T_20 ;
    %vpi_call/w 3 48 "$display", "Starting Sim" {0 0 0};
    %vpi_call/w 3 49 "$dumpfile", "sim/vcd/sa_weight_stationary.vcd" {0 0 0};
    %vpi_call/w 3 50 "$dumpvars", 32'sb00000000000000000000000000000000, S_0000028507e062b0 {0 0 0};
    %vpi_call/w 3 51 "$display", "Testing assorted values" {0 0 0};
    %pushi/vec4 0, 0, 1;
    %store/vec4 v0000028507e6d500_0, 0, 1;
    %pushi/vec4 0, 0, 1;
    %store/vec4 v0000028507e6b980_0, 0, 1;
    %fork t_1, S_0000028507dcdbb0;
    %jmp t_0;
    .scope S_0000028507dcdbb0;
t_1 ;
    %pushi/vec4 0, 0, 32;
    %store/vec4 v0000028507dfa220_0, 0, 32;
T_20.0 ;
    %load/vec4 v0000028507dfa220_0;
    %cmpi/s 3, 0, 32;
    %jmp/0xz T_20.1, 5;
    %pushi/vec4 0, 0, 8;
    %load/vec4 v0000028507dfa220_0;
    %pad/s 35;
    %muli 8, 0, 35;
    %ix/vec4/s 4;
    %store/vec4 v0000028507e6ce20_0, 4, 8;
    %load/vec4 v0000028507dfa220_0;
    %addi 1, 0, 32;
    %cast2;
    %store/vec4 v0000028507dfa220_0, 0, 32;
    %jmp T_20.0;
T_20.1 ;
    %end;
    .scope S_0000028507e062b0;
t_0 %join;
    %delay 1000, 0;
    %pushi/vec4 1, 0, 1;
    %store/vec4 v0000028507e6d500_0, 0, 1;
    %delay 20000, 0;
    %delay 10000, 0;
    %pushi/vec4 1, 0, 1;
    %store/vec4 v0000028507e6b980_0, 0, 1;
    %pushi/vec4 3, 0, 24;
    %store/vec4 v0000028507e6ce20_0, 0, 24;
    %delay 10000, 0;
    %pushi/vec4 515, 0, 24;
    %store/vec4 v0000028507e6ce20_0, 0, 24;
    %delay 10000, 0;
    %pushi/vec4 66051, 0, 24;
    %store/vec4 v0000028507e6ce20_0, 0, 24;
    %delay 10000, 0;
    %pushi/vec4 66051, 0, 24;
    %store/vec4 v0000028507e6ce20_0, 0, 24;
    %delay 10000, 0;
    %pushi/vec4 66051, 0, 24;
    %store/vec4 v0000028507e6ce20_0, 0, 24;
    %delay 10000, 0;
    %pushi/vec4 66051, 0, 24;
    %store/vec4 v0000028507e6ce20_0, 0, 24;
    %delay 10000, 0;
    %pushi/vec4 66051, 0, 24;
    %store/vec4 v0000028507e6ce20_0, 0, 24;
    %delay 10000, 0;
    %pushi/vec4 66051, 0, 24;
    %store/vec4 v0000028507e6ce20_0, 0, 24;
    %delay 10000, 0;
    %pushi/vec4 66048, 0, 24;
    %store/vec4 v0000028507e6ce20_0, 0, 24;
    %delay 10000, 0;
    %pushi/vec4 65536, 0, 24;
    %store/vec4 v0000028507e6ce20_0, 0, 24;
    %delay 10000, 0;
    %pushi/vec4 0, 0, 1;
    %store/vec4 v0000028507e6b980_0, 0, 1;
    %pushi/vec4 0, 0, 24;
    %store/vec4 v0000028507e6ce20_0, 0, 24;
    %delay 100000, 0;
    %vpi_call/w 3 79 "$display", "Finishing Sim" {0 0 0};
    %vpi_call/w 3 80 "$finish" {0 0 0};
    %end;
    .thread T_20;
# The file index is used to find the file name in the following table.
:file_names 7;
    "N/A";
    "<interactive>";
    "-";
    ".\sim\tb_ws_conv.sv";
    ".\src\weight_stationary\SA_weight_stationary.sv";
    ".\src\weight_stationary\PE_weight_stationary.sv";
    ".\src\weight_stationary\weight_kernel_conv0.sv";
